2020-03-07T17:00:28+00:00 DEBUG 
====Stripe Version: 4.3.2====
====Start Log====
Keys are not set correctly.
====End Log====


2020-03-07T17:01:00+00:00 DEBUG 
====Stripe Version: 4.3.2====
====Start Log====
Keys are not set correctly.
====End Log====


2020-03-07T17:04:51+00:00 DEBUG 
====Stripe Version: 4.3.2====
====Start Log====
Keys are not set correctly.
====End Log====


2020-03-07T17:05:57+00:00 DEBUG 
====Stripe Version: 4.3.2====
====Start Log====
Keys are not set correctly.
====End Log====


2020-03-07T17:06:19+00:00 DEBUG 
====Stripe Version: 4.3.2====
====Start Log====
Keys are not set correctly.
====End Log====


2020-03-07T17:06:33+00:00 DEBUG 
====Stripe Version: 4.3.2====
====Start Log====
Keys are not set correctly.
====End Log====


2020-03-07T17:07:41+00:00 DEBUG 
====Stripe Version: 4.3.2====
====Start Log====
Keys are not set correctly.
====End Log====


2020-03-07T17:07:58+00:00 DEBUG 
====Stripe Version: 4.3.2====
====Start Log====
Keys are not set correctly.
====End Log====


2020-03-07T17:09:39+00:00 DEBUG 
====Stripe Version: 4.3.2====
====Start Log====
Keys are not set correctly.
====End Log====


2020-03-07T17:10:23+00:00 DEBUG 
====Stripe Version: 4.3.2====
====Start Log====
Keys are not set correctly.
====End Log====


2020-03-07T17:11:00+00:00 DEBUG 
====Stripe Version: 4.3.2====
====Start Log====
Keys are not set correctly.
====End Log====


2020-03-07T18:16:22+00:00 DEBUG 
====Stripe Version: 4.3.2====
====Start Log====
Keys are not set correctly.
====End Log====


2020-03-07T18:35:03+00:00 DEBUG 
====Stripe Version: 4.3.2====
====Start Log====
Keys are not set correctly.
====End Log====


